# JRE version: OpenJDK Runtime Environment Temurin-21.0.12.1+1 (21.0.12.1+1) (build 21.0.12.1+1-LTS)
# Java VM: OpenJDK 64-Bit Server VM Temurin-21.0.12.1+1 (21.0.12.1+1-LTS, mixed mode, sharing, tiered, compressed oops, compressed class ptrs, parallel gc, windows-amd64)
GC Precious Log:
 CardTable entry size: 512
 CPUs: 8 total, 8 available
 Memory: 7865M
 Large Page Support: Disabled
 NUMA Support: Disabled
 Compressed Oops: Enabled (32-bit)
 Alignments: Space 512K, Generation 512K, Heap 2M
 Heap Min Capacity: 100M
 Heap Initial Capacity: 100M
 Heap Max Capacity: 2G
 Pre-touch: Disabled
 Parallel Workers: 8
Heap:
 PSYoungGen      total 13312K, used 8128K [0x00000000d5580000, 0x00000000d6980000, 0x0000000100000000)
  eden space 12288K, 57% used [0x00000000d5580000,0x00000000d5c73210,0x00000000d6180000)
  from space 1024K, 98% used [0x00000000d6580000,0x00000000d667ceb0,0x00000000d6680000)
  to   space 4096K, 0% used [0x00000000d6180000,0x00000000d6180000,0x00000000d6580000)
 ParOldGen       total 98816K, used 98574K [0x0000000080000000, 0x0000000086080000, 0x00000000d5580000)
  object space 98816K, 99% used [0x0000000080000000,0x0000000086043990,0x0000000086080000)
 Metaspace       used 85103K, committed 86848K, reserved 1179648K
  class space    used 9081K, committed 9856K, reserved 1048576K
GC Heap History (20 events):
Event: 4438.079 GC heap before
{Heap before GC invocations=98 (full 3):
 PSYoungGen      total 13312K, used 12855K [0x00000000d5580000, 0x00000000d6580000, 0x0000000100000000)
  eden space 12288K, 98% used [0x00000000d5580000,0x00000000d6155fd8,0x00000000d6180000)
  from space 1024K, 71% used [0x00000000d6480000,0x00000000d6538000,0x00000000d6580000)
  to   space 1536K, 0% used [0x00000000d6280000,0x00000000d6280000,0x00000000d6400000)
 ParOldGen       total 87552K, used 87292K [0x0000000080000000, 0x0000000085580000, 0x00000000d5580000)
  object space 87552K, 99% used [0x0000000080000000,0x000000008553f210,0x0000000085580000)
 Metaspace       used 81126K, committed 82816K, reserved 1179648K
  class space    used 8571K, committed 9280K, reserved 1048576K
}
Event: 4438.082 GC heap after
{Heap after GC invocations=98 (full 3):
 PSYoungGen      total 13824K, used 512K [0x00000000d5580000, 0x00000000d6500000, 0x0000000100000000)
  eden space 12288K, 0% used [0x00000000d5580000,0x00000000d5580000,0x00000000d6180000)
  from space 1536K, 33% used [0x00000000d6280000,0x00000000d6300000,0x00000000d6400000)
  to   space 1024K, 0% used [0x00000000d6400000,0x00000000d6400000,0x00000000d6500000)
 ParOldGen       total 91136K, used 90840K [0x0000000080000000, 0x0000000085900000, 0x00000000d5580000)
  object space 91136K, 99% used [0x0000000080000000,0x00000000858b6130,0x0000000085900000)
 Metaspace       used 81126K, committed 82816K, reserved 1179648K
  class space    used 8571K, committed 9280K, reserved 1048576K
}
Event: 4450.101 GC heap before
{Heap before GC invocations=99 (full 3):
 PSYoungGen      total 13824K, used 12799K [0x00000000d5580000, 0x00000000d6500000, 0x0000000100000000)
  eden space 12288K, 99% used [0x00000000d5580000,0x00000000d617fff8,0x00000000d6180000)
  from space 1536K, 33% used [0x00000000d6280000,0x00000000d6300000,0x00000000d6400000)
  to   space 1024K, 0% used [0x00000000d6400000,0x00000000d6400000,0x00000000d6500000)
 ParOldGen       total 91136K, used 90840K [0x0000000080000000, 0x0000000085900000, 0x00000000d5580000)
  object space 91136K, 99% used [0x0000000080000000,0x00000000858b6130,0x0000000085900000)
 Metaspace       used 83181K, committed 84864K, reserved 1179648K
  class space    used 8838K, committed 9536K, reserved 1048576K
}
Event: 4450.104 GC heap after
{Heap after GC invocations=99 (full 3):
 PSYoungGen      total 13312K, used 570K [0x00000000d5580000, 0x00000000d6500000, 0x0000000100000000)
  eden space 12288K, 0% used [0x00000000d5580000,0x00000000d5580000,0x00000000d6180000)
  from space 1024K, 55% used [0x00000000d6400000,0x00000000d648eb38,0x00000000d6500000)
  to   space 1024K, 0% used [0x00000000d6300000,0x00000000d6300000,0x00000000d6400000)
 ParOldGen       total 91648K, used 91152K [0x0000000080000000, 0x0000000085980000, 0x00000000d5580000)
  object space 91648K, 99% used [0x0000000080000000,0x0000000085904130,0x0000000085980000)
 Metaspace       used 83181K, committed 84864K, reserved 1179648K
  class space    used 8838K, committed 9536K, reserved 1048576K
}
Event: 4458.165 GC heap before
{Heap before GC invocations=100 (full 3):
 PSYoungGen      total 13312K, used 12858K [0x00000000d5580000, 0x00000000d6500000, 0x0000000100000000)
  eden space 12288K, 100% used [0x00000000d5580000,0x00000000d6180000,0x00000000d6180000)
  from space 1024K, 55% used [0x00000000d6400000,0x00000000d648eb38,0x00000000d6500000)
  to   space 1024K, 0% used [0x00000000d6300000,0x00000000d6300000,0x00000000d6400000)
 ParOldGen       total 91648K, used 91152K [0x0000000080000000, 0x0000000085980000, 0x00000000d5580000)
  object space 91648K, 99% used [0x0000000080000000,0x0000000085904130,0x0000000085980000)
 Metaspace       used 84934K, committed 86592K, reserved 1179648K
  class space    used 9075K, committed 9792K, reserved 1048576K
}
Event: 4458.170 GC heap after
{Heap after GC invocations=100 (full 3):
 PSYoungGen      total 13312K, used 649K [0x00000000d5580000, 0x00000000d6480000, 0x0000000100000000)
  eden space 12288K, 0% used [0x00000000d5580000,0x00000000d5580000,0x00000000d6180000)
  from space 1024K, 63% used [0x00000000d6300000,0x00000000d63a2708,0x00000000d6400000)
  to   space 512K, 0% used [0x00000000d6400000,0x00000000d6400000,0x00000000d6480000)
 ParOldGen       total 91648K, used 91612K [0x0000000080000000, 0x0000000085980000, 0x00000000d5580000)
  object space 91648K, 99% used [0x0000000080000000,0x0000000085977340,0x0000000085980000)
 Metaspace       used 84934K, committed 86592K, reserved 1179648K
  class space    used 9075K, committed 9792K, reserved 1048576K
}
Event: 4472.792 GC heap before
{Heap before GC invocations=101 (full 3):
 PSYoungGen      total 13312K, used 12937K [0x00000000d5580000, 0x00000000d6480000, 0x0000000100000000)
  eden space 12288K, 100% used [0x00000000d5580000,0x00000000d6180000,0x00000000d6180000)
  from space 1024K, 63% used [0x00000000d6300000,0x00000000d63a2708,0x00000000d6400000)
  to   space 512K, 0% used [0x00000000d6400000,0x00000000d6400000,0x00000000d6480000)
 ParOldGen       total 91648K, used 91612K [0x0000000080000000, 0x0000000085980000, 0x00000000d5580000)
  object space 91648K, 99% used [0x0000000080000000,0x0000000085977340,0x0000000085980000)
 Metaspace       used 84957K, committed 86656K, reserved 1179648K
  class space    used 9077K, committed 9792K, reserved 1048576K
}
Event: 4472.794 GC heap after
{Heap after GC invocations=101 (full 3):
 PSYoungGen      total 12800K, used 160K [0x00000000d5580000, 0x00000000d6480000, 0x0000000100000000)
  eden space 12288K, 0% used [0x00000000d5580000,0x00000000d5580000,0x00000000d6180000)
  from space 512K, 31% used [0x00000000d6400000,0x00000000d6428000,0x00000000d6480000)
  to   space 512K, 0% used [0x00000000d6380000,0x00000000d6380000,0x00000000d6400000)
 ParOldGen       total 92160K, used 92126K [0x0000000080000000, 0x0000000085a00000, 0x00000000d5580000)
  object space 92160K, 99% used [0x0000000080000000,0x00000000859f7a90,0x0000000085a00000)
 Metaspace       used 84957K, committed 86656K, reserved 1179648K
  class space    used 9077K, committed 9792K, reserved 1048576K
}
Event: 4499.016 GC heap before
{Heap before GC invocations=102 (full 3):
 PSYoungGen      total 12800K, used 12448K [0x00000000d5580000, 0x00000000d6480000, 0x0000000100000000)
  eden space 12288K, 100% used [0x00000000d5580000,0x00000000d6180000,0x00000000d6180000)
  from space 512K, 31% used [0x00000000d6400000,0x00000000d6428000,0x00000000d6480000)
  to   space 512K, 0% used [0x00000000d6380000,0x00000000d6380000,0x00000000d6400000)
 ParOldGen       total 92160K, used 92126K [0x0000000080000000, 0x0000000085a00000, 0x00000000d5580000)
  object space 92160K, 99% used [0x0000000080000000,0x00000000859f7a90,0x0000000085a00000)
 Metaspace       used 84957K, committed 86656K, reserved 1179648K
  class space    used 9077K, committed 9792K, reserved 1048576K
}
Event: 4499.018 GC heap after
{Heap after GC invocations=102 (full 3):
 PSYoungGen      total 12800K, used 160K [0x00000000d5580000, 0x00000000d6480000, 0x0000000100000000)
  eden space 12288K, 0% used [0x00000000d5580000,0x00000000d5580000,0x00000000d6180000)
  from space 512K, 31% used [0x00000000d6380000,0x00000000d63a8000,0x00000000d6400000)
  to   space 512K, 0% used [0x00000000d6400000,0x00000000d6400000,0x00000000d6480000)
 ParOldGen       total 92160K, used 92150K [0x0000000080000000, 0x0000000085a00000, 0x00000000d5580000)
  object space 92160K, 99% used [0x0000000080000000,0x00000000859fda90,0x0000000085a00000)
 Metaspace       used 84957K, committed 86656K, reserved 1179648K
  class space    used 9077K, committed 9792K, reserved 1048576K
}
Event: 4501.509 GC heap before
{Heap before GC invocations=103 (full 3):
 PSYoungGen      total 12800K, used 12448K [0x00000000d5580000, 0x00000000d6480000, 0x0000000100000000)
  eden space 12288K, 100% used [0x00000000d5580000,0x00000000d6180000,0x00000000d6180000)
  from space 512K, 31% used [0x00000000d6380000,0x00000000d63a8000,0x00000000d6400000)
  to   space 512K, 0% used [0x00000000d6400000,0x00000000d6400000,0x00000000d6480000)
 ParOldGen       total 92160K, used 92150K [0x0000000080000000, 0x0000000085a00000, 0x00000000d5580000)
  object space 92160K, 99% used [0x0000000080000000,0x00000000859fda90,0x0000000085a00000)
 Metaspace       used 84972K, committed 86720K, reserved 1179648K
  class space    used 9077K, committed 9792K, reserved 1048576K
}
Event: 4501.510 GC heap after
{Heap after GC invocations=103 (full 3):
 PSYoungGen      total 12800K, used 160K [0x00000000d5580000, 0x00000000d6480000, 0x0000000100000000)
  eden space 12288K, 0% used [0x00000000d5580000,0x00000000d5580000,0x00000000d6180000)
  from space 512K, 31% used [0x00000000d6400000,0x00000000d6428000,0x00000000d6480000)
  to   space 512K, 0% used [0x00000000d6380000,0x00000000d6380000,0x00000000d6400000)
 ParOldGen       total 92672K, used 92182K [0x0000000080000000, 0x0000000085a80000, 0x00000000d5580000)
  object space 92672K, 99% used [0x0000000080000000,0x0000000085a05a90,0x0000000085a80000)
 Metaspace       used 84972K, committed 86720K, reserved 1179648K
  class space    used 9077K, committed 9792K, reserved 1048576K
}
Event: 4532.401 GC heap before
{Heap before GC invocations=104 (full 3):
 PSYoungGen      total 12800K, used 12448K [0x00000000d5580000, 0x00000000d6480000, 0x0000000100000000)
  eden space 12288K, 100% used [0x00000000d5580000,0x00000000d6180000,0x00000000d6180000)
  from space 512K, 31% used [0x00000000d6400000,0x00000000d6428000,0x00000000d6480000)
  to   space 512K, 0% used [0x00000000d6380000,0x00000000d6380000,0x00000000d6400000)
 ParOldGen       total 92672K, used 92182K [0x0000000080000000, 0x0000000085a80000, 0x00000000d5580000)
  object space 92672K, 99% used [0x0000000080000000,0x0000000085a05a90,0x0000000085a80000)
 Metaspace       used 85000K, committed 86784K, reserved 1179648K
  class space    used 9081K, committed 9856K, reserved 1048576K
}
Event: 4532.405 GC heap after
{Heap after GC invocations=104 (full 3):
 PSYoungGen      total 12800K, used 499K [0x00000000d5580000, 0x00000000d6a80000, 0x0000000100000000)
  eden space 12288K, 0% used [0x00000000d5580000,0x00000000d5580000,0x00000000d6180000)
  from space 512K, 97% used [0x00000000d6380000,0x00000000d63fce90,0x00000000d6400000)
  to   space 4608K, 0% used [0x00000000d6600000,0x00000000d6600000,0x00000000d6a80000)
 ParOldGen       total 95744K, used 95348K [0x0000000080000000, 0x0000000085d80000, 0x00000000d5580000)
  object space 95744K, 99% used [0x0000000080000000,0x0000000085d1d0b0,0x0000000085d80000)
 Metaspace       used 85000K, committed 86784K, reserved 1179648K
  class space    used 9081K, committed 9856K, reserved 1048576K
}
Event: 4538.522 GC heap before
{Heap before GC invocations=105 (full 3):
 PSYoungGen      total 12800K, used 12782K [0x00000000d5580000, 0x00000000d6a80000, 0x0000000100000000)
  eden space 12288K, 99% used [0x00000000d5580000,0x00000000d617ed18,0x00000000d6180000)
  from space 512K, 97% used [0x00000000d6380000,0x00000000d63fce90,0x00000000d6400000)
  to   space 4608K, 0% used [0x00000000d6600000,0x00000000d6600000,0x00000000d6a80000)
 ParOldGen       total 95744K, used 95348K [0x0000000080000000, 0x0000000085d80000, 0x00000000d5580000)
  object space 95744K, 99% used [0x0000000080000000,0x0000000085d1d0b0,0x0000000085d80000)
 Metaspace       used 85005K, committed 86784K, reserved 1179648K
  class space    used 9081K, committed 9856K, reserved 1048576K
}
Event: 4538.524 GC heap after
{Heap after GC invocations=105 (full 3):
 PSYoungGen      total 13312K, used 544K [0x00000000d5580000, 0x00000000d6700000, 0x0000000100000000)
  eden space 12288K, 0% used [0x00000000d5580000,0x00000000d5580000,0x00000000d6180000)
  from space 1024K, 53% used [0x00000000d6600000,0x00000000d6688000,0x00000000d6700000)
  to   space 2048K, 0% used [0x00000000d6300000,0x00000000d6300000,0x00000000d6500000)
 ParOldGen       total 96256K, used 95862K [0x0000000080000000, 0x0000000085e00000, 0x00000000d5580000)
  object space 96256K, 99% used [0x0000000080000000,0x0000000085d9d980,0x0000000085e00000)
 Metaspace       used 85005K, committed 86784K, reserved 1179648K
  class space    used 9081K, committed 9856K, reserved 1048576K
}
Event: 8462.738 GC heap before
{Heap before GC invocations=106 (full 3):
 PSYoungGen      total 13312K, used 12831K [0x00000000d5580000, 0x00000000d6700000, 0x0000000100000000)
  eden space 12288K, 99% used [0x00000000d5580000,0x00000000d617fff0,0x00000000d6180000)
  from space 1024K, 53% used [0x00000000d6600000,0x00000000d6688000,0x00000000d6700000)
  to   space 2048K, 0% used [0x00000000d6300000,0x00000000d6300000,0x00000000d6500000)
 ParOldGen       total 96256K, used 95862K [0x0000000080000000, 0x0000000085e00000, 0x00000000d5580000)
  object space 96256K, 99% used [0x0000000080000000,0x0000000085d9d980,0x0000000085e00000)
 Metaspace       used 85091K, committed 86848K, reserved 1179648K
  class space    used 9081K, committed 9856K, reserved 1048576K
}
Event: 8462.760 GC heap after
{Heap after GC invocations=106 (full 3):
 PSYoungGen      total 14336K, used 256K [0x00000000d5580000, 0x00000000d6680000, 0x0000000100000000)
  eden space 12288K, 0% used [0x00000000d5580000,0x00000000d5580000,0x00000000d6180000)
  from space 2048K, 12% used [0x00000000d6300000,0x00000000d6340000,0x00000000d6500000)
  to   space 1024K, 0% used [0x00000000d6580000,0x00000000d6580000,0x00000000d6680000)
 ParOldGen       total 96768K, used 96366K [0x0000000080000000, 0x0000000085e80000, 0x00000000d5580000)
  object space 96768K, 99% used [0x0000000080000000,0x0000000085e1b980,0x0000000085e80000)
 Metaspace       used 85091K, committed 86848K, reserved 1179648K
  class space    used 9081K, committed 9856K, reserved 1048576K
}
Event: 25719.279 GC heap before
{Heap before GC invocations=107 (full 3):
 PSYoungGen      total 14336K, used 12544K [0x00000000d5580000, 0x00000000d6680000, 0x0000000100000000)
  eden space 12288K, 100% used [0x00000000d5580000,0x00000000d6180000,0x00000000d6180000)
  from space 2048K, 12% used [0x00000000d6300000,0x00000000d6340000,0x00000000d6500000)
  to   space 1024K, 0% used [0x00000000d6580000,0x00000000d6580000,0x00000000d6680000)
 ParOldGen       total 96768K, used 96366K [0x0000000080000000, 0x0000000085e80000, 0x00000000d5580000)
  object space 96768K, 99% used [0x0000000080000000,0x0000000085e1b980,0x0000000085e80000)
 Metaspace       used 85097K, committed 86848K, reserved 1179648K
  class space    used 9081K, committed 9856K, reserved 1048576K
}
Event: 25719.311 GC heap after
{Heap after GC invocations=107 (full 3):
 PSYoungGen      total 13312K, used 1011K [0x00000000d5580000, 0x00000000d6980000, 0x0000000100000000)
  eden space 12288K, 0% used [0x00000000d5580000,0x00000000d5580000,0x00000000d6180000)
  from space 1024K, 98% used [0x00000000d6580000,0x00000000d667ceb0,0x00000000d6680000)
  to   space 4096K, 0% used [0x00000000d6180000,0x00000000d6180000,0x00000000d6580000)
 ParOldGen       total 98816K, used 98574K [0x0000000080000000, 0x0000000086080000, 0x00000000d5580000)
  object space 98816K, 99% used [0x0000000080000000,0x0000000086043990,0x0000000086080000)
 Metaspace       used 85097K, committed 86848K, reserved 1179648K
  class space    used 9081K, committed 9856K, reserved 1048576K
}

